<?xml version="1.0" encoding="UTF-8"?>
<!-- Generated by org.testng.reporters.JUnitReportReporter -->
<testsuite hostname="DESKTOP-36D7PBU" failures="0" tests="8" name="com.amitlearning.testcases.T1_LoginTestDataFromExcelTest" time="51.814" errors="0" timestamp="2023-01-28T11:14:52 IST" skipped="0">
  <testcase classname="com.amitlearning.testcases.T1_LoginTestDataFromExcelTest" name="verifyLoginWithValidCredentials" time="6.763"/>
  <system-out/>
  <testcase classname="com.amitlearning.testcases.T1_LoginTestDataFromExcelTest" name="verifyLoginWithValidCredentials" time="6.285"/>
  <system-out/>
  <testcase classname="com.amitlearning.testcases.T1_LoginTestDataFromExcelTest" name="verifyLoginWithValidCredentials" time="6.460"/>
  <system-out/>
  <testcase classname="com.amitlearning.testcases.T1_LoginTestDataFromExcelTest" name="verifyLoginWithValidCredentials" time="6.782"/>
  <system-out/>
  <testcase classname="com.amitlearning.testcases.T1_LoginTestDataFromExcelTest" name="verifyLoginWithInValidCredentials" time="6.634"/>
  <system-out/>
  <testcase classname="com.amitlearning.testcases.T1_LoginTestDataFromExcelTest" name="verifyLoginWithInValidEmailAndValidPassword" time="6.613"/>
  <system-out/>
  <testcase classname="com.amitlearning.testcases.T1_LoginTestDataFromExcelTest" name="verifyLoginWithValidEmailAndInValidPassword" time="6.346"/>
  <system-out/>
  <testcase classname="com.amitlearning.testcases.T1_LoginTestDataFromExcelTest" name="verifyLoginWithoutProvidingCredentials" time="5.931"/>
  <system-out/>
</testsuite> <!-- com.amitlearning.testcases.T1_LoginTestDataFromExcelTest -->
