<?xml version="1.0" encoding="UTF-8"?>
<!-- Generated by org.testng.reporters.JUnitReportReporter -->
<testsuite hostname="DESKTOP-36D7PBU" failures="0" tests="4" name="com.amitlearning.testcases.T2_RegisterTest" time="27.193" errors="0" timestamp="2023-01-28T11:14:52 IST" skipped="0">
  <testcase classname="com.amitlearning.testcases.T2_RegisterTest" name="verifyRegisteringAnAccountWithMandatoryFields" time="6.761"/>
  <system-out/>
  <testcase classname="com.amitlearning.testcases.T2_RegisterTest" name="verifyRegisteringAccountByProvidingAllFields" time="6.903"/>
  <system-out/>
  <testcase classname="com.amitlearning.testcases.T2_RegisterTest" name="verifyRegisteringAccountByProvidingExistingEmailAddress" time="6.664"/>
  <system-out/>
  <testcase classname="com.amitlearning.testcases.T2_RegisterTest" name="verifyRegisteringAccountWithoutFillingAnyDetails" time="6.865"/>
  <system-out/>
</testsuite> <!-- com.amitlearning.testcases.T2_RegisterTest -->
